<?xml version="1.0" encoding="UTF-8"?>
<!-- Generated by org.testng.reporters.JUnitXMLReporter -->
<testsuite ignored="0" hostname="AMIGO" failures="0" tests="4" name="Default test" time="47.509" errors="0" timestamp="2024-08-19T15:12:19 IST">
  <testcase classname="demoblaze.DemoblazeRunner" name="tc1_addIphoneToCart" time="11.194"/>
  <testcase classname="demoblaze.DemoblazeRunner" name="tc2_addNexusToCart" time="11.298"/>
  <testcase classname="demoblaze.DemoblazeRunner" name="tc3_addNokiaToCart" time="11.376"/>
  <testcase classname="demoblaze.DemoblazeRunner" name="tc4_deleteFirstProductAndPlaceOrder" time="8.67"/>
</testsuite> <!-- Default test -->
