<?xml version="1.0" encoding="UTF-8"?>
<!-- Generated by org.testng.reporters.JUnitXMLReporter -->
<testsuite ignored="0" hostname="AMIGO" failures="0" tests="4" name="Default test" time="46.955" errors="0" timestamp="2024-07-09T22:08:50 IST">
  <testcase classname="demoblaze.DemoblazeRunner" name="tc1_addIphoneToCart" time="12.144"/>
  <testcase classname="demoblaze.DemoblazeRunner" name="tc2_addNexusToCart" time="11.883"/>
  <testcase classname="demoblaze.DemoblazeRunner" name="tc3_addNokiaToCart" time="10.61"/>
  <testcase classname="demoblaze.DemoblazeRunner" name="tc4_deleteFirstProductAndPlaceOrder" time="8.065"/>
</testsuite> <!-- Default test -->
